gradleBuild/outputs/logs/manifest-merger-debug-report.txt
-- Merging decision tree log ---
manifest
ADDED from examples\android\AndroidManifest.xml:2:1-48:12
	package
		ADDED from examples\android\AndroidManifest.xml:3:5-34
	xmlns:android
		ADDED from examples\android\AndroidManifest.xml:2:11-69
uses-permission#android.permission.CAMERA
ADDED from examples\android\AndroidManifest.xml:5:5-65
	android:name
		ADDED from examples\android\AndroidManifest.xml:5:22-62
uses-feature#android.hardware.camera
ADDED from examples\android\AndroidManifest.xml:6:5-60
	android:name
		ADDED from examples\android\AndroidManifest.xml:6:19-57
uses-feature#android.hardware.camera.autofocus
ADDED from examples\android\AndroidManifest.xml:7:5-70
	android:name
		ADDED from examples\android\AndroidManifest.xml:7:19-67
uses-permission#android.permission.WRITE_EXTERNAL_STORAGE
ADDED from examples\android\AndroidManifest.xml:8:5-80
	android:name
		ADDED from examples\android\AndroidManifest.xml:8:22-78
uses-sdk
ADDED from examples\android\AndroidManifest.xml:10:5-12:41
	android:targetSdkVersion
		ADDED from examples\android\AndroidManifest.xml:12:9-38
	android:minSdkVersion
		ADDED from examples\android\AndroidManifest.xml:11:9-35
application
ADDED from examples\android\AndroidManifest.xml:14:5-46:19
	android:allowBackup
		ADDED from examples\android\AndroidManifest.xml:14:18-44
activity#org.tensorflow.demo.ClassifierActivity
ADDED from examples\android\AndroidManifest.xml:20:9-27:20
	android:screenOrientation
		ADDED from examples\android\AndroidManifest.xml:21:19-55
	android:label
		ADDED from examples\android\AndroidManifest.xml:22:19-71
	android:name
		ADDED from examples\android\AndroidManifest.xml:20:19-72
intent-filter#android.intent.action.MAIN+android.intent.category.LAUNCHER
ADDED from examples\android\AndroidManifest.xml:23:13-26:29
action#android.intent.action.MAIN
ADDED from examples\android\AndroidManifest.xml:24:17-69
	android:name
		ADDED from examples\android\AndroidManifest.xml:24:25-66
category#android.intent.category.LAUNCHER
ADDED from examples\android\AndroidManifest.xml:25:17-77
	android:name
		ADDED from examples\android\AndroidManifest.xml:25:27-74
activity#org.tensorflow.demo.DetectorActivity
ADDED from examples\android\AndroidManifest.xml:29:9-36:20
	android:screenOrientation
		ADDED from examples\android\AndroidManifest.xml:30:19-55
	android:label
		ADDED from examples\android\AndroidManifest.xml:31:19-66
	android:name
		ADDED from examples\android\AndroidManifest.xml:29:19-70
activity#org.tensorflow.demo.StylizeActivity
ADDED from examples\android\AndroidManifest.xml:38:9-45:20
	android:screenOrientation
		ADDED from examples\android\AndroidManifest.xml:39:19-55
	android:label
		ADDED from examples\android\AndroidManifest.xml:40:19-64
	android:name
		ADDED from examples\android\AndroidManifest.xml:38:19-69